JobId=3925133 JobName=life_test
   UserId=100068001@kunet.ae(71341) GroupId=almesbarusers(10000) MCS_label=N/A
   Priority=41684 Nice=0 Account=teach0026 QOS=normal
   JobState=FAILED Reason=NonZeroExitCode Dependency=(null)
   Requeue=1 Restarts=0 BatchFlag=1 Reboot=0 ExitCode=1:0
   RunTime=00:00:00 TimeLimit=00:10:00 TimeMin=N/A
   SubmitTime=2025-11-30T14:35:26 EligibleTime=2025-11-30T14:35:26
   AccrueTime=2025-11-30T14:35:26
   StartTime=2025-11-30T14:35:27 EndTime=2025-11-30T14:35:27 Deadline=N/A
   SuspendTime=None SecsPreSuspend=0 LastSchedEval=2025-11-30T14:35:27 Scheduler=Main
   Partition=devel AllocNode:Sid=login-1:1252909
   ReqNodeList=(null) ExcNodeList=(null)
   NodeList=cn-108-5
   BatchHost=cn-108-5
   NumNodes=1 NumCPUs=4 NumTasks=4 CPUs/Task=1 ReqB:S:C:T=0:0:*:*
   TRES=cpu=4,mem=24G,node=1,billing=4
   Socks/Node=* NtasksPerN:B:S:C=0:0:*:* CoreSpec=*
   MinCPUsNode=1 MinMemoryCPU=6G MinTmpDiskNode=0
   Features=(null) DelayBoot=00:00:00
   OverSubscribe=OK Contiguous=0 Licenses=(null) Network=(null)
   Command=/dpc/teach0026/100068001/game_of_life/test_quick.sbatch
   WorkDir=/dpc/teach0026/100068001/game_of_life
   StdErr=/dpc/teach0026/100068001/game_of_life/logs/life_test-3925133.err
   StdIn=/dev/null
   StdOut=/dpc/teach0026/100068001/game_of_life/logs/life_test-3925133.out
   Power=
   

